Using pre-set license
Built from '2020.3/staging' branch; Version is '2020.3.13f1 (71691879b7f5) revision 7432472'; Using compiler version '192528614'; Build Type 'Release'
OS: 'Windows 10 Pro; OS build 19041.1083; Version 2004; 64bit' Language: 'en' Physical Memory: 32682 MB
BatchMode: 1, IsHumanControllingUs: 0, StartBugReporterOnCrash: 0, Is64bit: 1, IsPro: 0

 COMMAND LINE ARGUMENTS:
C:\Program Files\Unity\Hub\Editor\2020.3.13f1\Editor\Unity.exe
-adb2
-batchMode
-noUpm
-name
AssetImportWorker0
-projectPath
C:/Users/miles/Desktop/Projects/Yahtzee++/CO_YAHTZEE
-logFile
Logs/AssetImportWorker0.log
-srvPort
62535
Successfully changed project path to: C:/Users/miles/Desktop/Projects/Yahtzee++/CO_YAHTZEE
C:/Users/miles/Desktop/Projects/Yahtzee++/CO_YAHTZEE
Using Asset Import Pipeline V2.
Refreshing native plugins compatible for Editor in 35.84 ms, found 3 plugins.
Preloading 0 native plugins for Editor in 0.00 ms.
Initialize engine version: 2020.3.13f1 (71691879b7f5)
[Subsystems] Discovering subsystems at path C:/Program Files/Unity/Hub/Editor/2020.3.13f1/Editor/Data/Resources/UnitySubsystems
[Subsystems] Discovering subsystems at path C:/Users/miles/Desktop/Projects/Yahtzee++/CO_YAHTZEE/Assets
GfxDevice: creating device client; threaded=0
Direct3D:
    Version:  Direct3D 11.0 [level 11.1]
    Renderer: NVIDIA GeForce RTX 2070 (ID=0x1f02)
    Vendor:   
    VRAM:     8031 MB
    Driver:   27.21.14.5671
Initialize mono
Mono path[0] = 'C:/Program Files/Unity/Hub/Editor/2020.3.13f1/Editor/Data/Managed'
Mono path[1] = 'C:/Program Files/Unity/Hub/Editor/2020.3.13f1/Editor/Data/MonoBleedingEdge/lib/mono/unityjit'
Mono config path = 'C:/Program Files/Unity/Hub/Editor/2020.3.13f1/Editor/Data/MonoBleedingEdge/etc'
Using monoOptions --debugger-agent=transport=dt_socket,embedding=1,server=y,suspend=n,address=127.0.0.1:56572
Begin MonoManager ReloadAssembly
Registering precompiled unity dll's ...
Register platform support module: C:/Program Files/Unity/Hub/Editor/2020.3.13f1/Editor/Data/PlaybackEngines/WindowsStandaloneSupport/UnityEditor.WindowsStandalone.Extensions.dll
Registered in 0.001834 seconds.
Native extension for WindowsStandalone target not found
Refreshing native plugins compatible for Editor in 38.94 ms, found 3 plugins.
Preloading 0 native plugins for Editor in 0.00 ms.
Mono: successfully reloaded assembly
- Completed reload, in  0.915 seconds
Platform modules already initialized, skipping
Registering precompiled user dll's ...
Registered in 0.003269 seconds.
Begin MonoManager ReloadAssembly
Native extension for WindowsStandalone target not found
Refreshing native plugins compatible for Editor in 35.30 ms, found 3 plugins.
Preloading 0 native plugins for Editor in 0.00 ms.
Mono: successfully reloaded assembly
- Completed reload, in  0.885 seconds
Platform modules already initialized, skipping
========================================================================
Worker process is ready to serve import requests
Launched and connected shader compiler UnityShaderCompiler.exe after 0.03 seconds
Refreshing native plugins compatible for Editor in 0.49 ms, found 3 plugins.
Preloading 0 native plugins for Editor in 0.00 ms.
Unloading 2085 Unused Serialized files (Serialized files now loaded: 0)
System memory in use before: 92.8 MB.
System memory in use after: 92.9 MB.

Unloading 28 unused Assets to reduce memory usage. Loaded Objects now: 2523.
Total: 2.019100 ms (FindLiveObjects: 0.205600 ms CreateObjectMapping: 0.047700 ms MarkObjects: 1.708000 ms  DeleteObjects: 0.057000 ms)

AssetImportParameters requested are different than current active one (requested -> active):
  custom:framework-win-MediaFoundation: 216162199b28c13a410421893ffa2e32 -> 
  custom:video-decoder-ogg-theora: a1e56fd34408186e4bbccfd4996cb3dc -> 
  custom:container-muxer-webm: aa71ff27fc2769a1b78a27578f13a17b -> 
  custom:container-demuxer-webm: 4f35f7cbe854078d1ac9338744f61a02 -> 
  custom:container-demuxer-ogg: 62fdf1f143b41e24485cea50d1cbac27 -> 
  custom:video-encoder-webm-vp8: eb34c28f22e8b96e1ab97ce403110664 -> 
  custom:video-decoder-webm-vp8: 9c59270c3fd7afecdb556c50c9e8de78 -> 
  custom:audio-decoder-ogg-vorbis: bf7c407c2cedff20999df2af8eb42d56 -> 
  custom:audio-encoder-webm-vorbis: bf7c407c2cedff20999df2af8eb42d56 -> 
========================================================================
Received Import Request.
  path: Assets/Sprites/dieWhite_border1.png
  artifactKey: Guid(f6cf63418093c4f999205bb64930063f) Importer(815301076,1909f56bfc062723c751e8b465ee728b)
Start importing Assets/Sprites/dieWhite_border1.png using Guid(f6cf63418093c4f999205bb64930063f) Importer(815301076,1909f56bfc062723c751e8b465ee728b)  -> (artifact id: 'c54af94352d00a98ea06d79cc4401dff') in 0.098382 seconds 
  Import took 0.102673 seconds .

========================================================================
Received Import Request.
  Time since last request: 0.000186 seconds.
  path: Assets/Sprites/dieWhite_border2.png
  artifactKey: Guid(462eb9cf055d4423bbdd113f05c5e3e0) Importer(815301076,1909f56bfc062723c751e8b465ee728b)
Start importing Assets/Sprites/dieWhite_border2.png using Guid(462eb9cf055d4423bbdd113f05c5e3e0) Importer(815301076,1909f56bfc062723c751e8b465ee728b)  -> (artifact id: '34bbb9a53e7ce6079a28c42cb37417df') in 0.011999 seconds 
  Import took 0.016132 seconds .

========================================================================
Received Import Request.
  Time since last request: 0.000140 seconds.
  path: Assets/Sprites/dieWhite_border6.png
  artifactKey: Guid(0ab6b419210b24529a1abadc172a17b0) Importer(815301076,1909f56bfc062723c751e8b465ee728b)
Start importing Assets/Sprites/dieWhite_border6.png using Guid(0ab6b419210b24529a1abadc172a17b0) Importer(815301076,1909f56bfc062723c751e8b465ee728b)  -> (artifact id: '04f087cfedd07bd3b7038e989730ee91') in 0.012120 seconds 
  Import took 0.015474 seconds .

========================================================================
Received Import Request.
  Time since last request: 0.000163 seconds.
  path: Assets/Scenes/SampleScene.unity
  artifactKey: Guid(2cda990e2423bbf4892e6590ba056729) Importer(815301076,1909f56bfc062723c751e8b465ee728b)
Start importing Assets/Scenes/SampleScene.unity using Guid(2cda990e2423bbf4892e6590ba056729) Importer(815301076,1909f56bfc062723c751e8b465ee728b)  -> (artifact id: '89fceda730c2a3bb595ef94136570fb5') in 0.006173 seconds 
  Import took 0.009317 seconds .

========================================================================
Received Import Request.
  Time since last request: 0.000152 seconds.
  path: Assets/Sprites/dieWhite_border5.png
  artifactKey: Guid(24b8ecf0b5daf4067b2212910b16c39d) Importer(815301076,1909f56bfc062723c751e8b465ee728b)
Start importing Assets/Sprites/dieWhite_border5.png using Guid(24b8ecf0b5daf4067b2212910b16c39d) Importer(815301076,1909f56bfc062723c751e8b465ee728b)  -> (artifact id: 'cf785289643688cb001b322ccaad3c27') in 0.011832 seconds 
  Import took 0.015202 seconds .

========================================================================
Received Import Request.
  Time since last request: 0.000207 seconds.
  path: Assets/Sprites/dieWhite_border3.png
  artifactKey: Guid(e85e085304bb94333a55271bb7a98eab) Importer(815301076,1909f56bfc062723c751e8b465ee728b)
Start importing Assets/Sprites/dieWhite_border3.png using Guid(e85e085304bb94333a55271bb7a98eab) Importer(815301076,1909f56bfc062723c751e8b465ee728b)  -> (artifact id: 'a688ac50d77fe4f0ea25bd160f5d4eed') in 0.010317 seconds 
  Import took 0.014472 seconds .

========================================================================
Received Import Request.
  Time since last request: 0.000195 seconds.
  path: Assets/Sprites/dieWhite_border4.png
  artifactKey: Guid(bbea25f27f82041db88a899ad38a8639) Importer(815301076,1909f56bfc062723c751e8b465ee728b)
Start importing Assets/Sprites/dieWhite_border4.png using Guid(bbea25f27f82041db88a899ad38a8639) Importer(815301076,1909f56bfc062723c751e8b465ee728b)  -> (artifact id: 'b86475e3e403861c3aee9d7e51a53243') in 0.014108 seconds 
  Import took 0.016836 seconds .

